# JRE version: OpenJDK Runtime Environment Temurin-11.0.16.1+1 (11.0.16.1+1) (build 11.0.16.1+1)
# Java VM: OpenJDK 64-Bit Server VM Temurin-11.0.16.1+1 (11.0.16.1+1, mixed mode, tiered, compressed oops, g1 gc, windows-amd64)
Heap:
 garbage-first heap   total 262144K, used 155684K [0x00000000e0000000, 0x0000000100000000)
  region size 1024K, 139 young (142336K), 16 survivors (16384K)
 Metaspace       used 46718K, capacity 47938K, committed 48176K, reserved 296960K
  class space    used 5800K, capacity 6213K, committed 6272K, reserved 253952K
GC Heap History (16 events):
Event: 1.791 GC heap before
{Heap before GC invocations=0 (full 0):
 garbage-first heap   total 262144K, used 19456K [0x00000000e0000000, 0x0000000100000000)
  region size 1024K, 14 young (14336K), 0 survivors (0K)
 Metaspace       used 6767K, capacity 6989K, committed 7168K, reserved 262144K
  class space    used 571K, capacity 650K, committed 768K, reserved 253952K
}
Event: 1.834 GC heap after
{Heap after GC invocations=1 (full 0):
 garbage-first heap   total 262144K, used 7926K [0x00000000e0000000, 0x0000000100000000)
  region size 1024K, 2 young (2048K), 2 survivors (2048K)
 Metaspace       used 6767K, capacity 6989K, committed 7168K, reserved 262144K
  class space    used 571K, capacity 650K, committed 768K, reserved 253952K
}
Event: 4.028 GC heap before
{Heap before GC invocations=1 (full 0):
 garbage-first heap   total 262144K, used 34550K [0x00000000e0000000, 0x0000000100000000)
  region size 1024K, 28 young (28672K), 2 survivors (2048K)
 Metaspace       used 11185K, capacity 11443K, committed 11520K, reserved 264192K
  class space    used 1145K, capacity 1245K, committed 1280K, reserved 253952K
}
Event: 4.033 GC heap after
{Heap after GC invocations=2 (full 0):
 garbage-first heap   total 262144K, used 10240K [0x00000000e0000000, 0x0000000100000000)
  region size 1024K, 4 young (4096K), 4 survivors (4096K)
 Metaspace       used 11185K, capacity 11443K, committed 11520K, reserved 264192K
  class space    used 1145K, capacity 1245K, committed 1280K, reserved 253952K
}
Event: 5.687 GC heap before
{Heap before GC invocations=2 (full 0):
 garbage-first heap   total 262144K, used 39936K [0x00000000e0000000, 0x0000000100000000)
  region size 1024K, 32 young (32768K), 4 survivors (4096K)
 Metaspace       used 13023K, capacity 13301K, committed 13568K, reserved 266240K
  class space    used 1402K, capacity 1484K, committed 1536K, reserved 253952K
}
Event: 5.699 GC heap after
{Heap after GC invocations=3 (full 0):
 garbage-first heap   total 262144K, used 15148K [0x00000000e0000000, 0x0000000100000000)
  region size 1024K, 4 young (4096K), 4 survivors (4096K)
 Metaspace       used 13023K, capacity 13301K, committed 13568K, reserved 266240K
  class space    used 1402K, capacity 1484K, committed 1536K, reserved 253952K
}
Event: 11.021 GC heap before
{Heap before GC invocations=3 (full 0):
 garbage-first heap   total 262144K, used 52012K [0x00000000e0000000, 0x0000000100000000)
  region size 1024K, 40 young (40960K), 4 survivors (4096K)
 Metaspace       used 19764K, capacity 20184K, committed 20224K, reserved 272384K
  class space    used 2363K, capacity 2522K, committed 2560K, reserved 253952K
}
Event: 11.034 GC heap after
{Heap after GC invocations=4 (full 0):
 garbage-first heap   total 262144K, used 16974K [0x00000000e0000000, 0x0000000100000000)
  region size 1024K, 2 young (2048K), 2 survivors (2048K)
 Metaspace       used 19764K, capacity 20184K, committed 20224K, reserved 272384K
  class space    used 2363K, capacity 2522K, committed 2560K, reserved 253952K
}
Event: 13.062 GC heap before
{Heap before GC invocations=4 (full 0):
 garbage-first heap   total 262144K, used 22094K [0x00000000e0000000, 0x0000000100000000)
  region size 1024K, 8 young (8192K), 2 survivors (2048K)
 Metaspace       used 20718K, capacity 21157K, committed 21296K, reserved 274432K
  class space    used 2474K, capacity 2638K, committed 2688K, reserved 253952K
}
Event: 13.067 GC heap after
{Heap after GC invocations=5 (full 0):
 garbage-first heap   total 262144K, used 17144K [0x00000000e0000000, 0x0000000100000000)
  region size 1024K, 3 young (3072K), 3 survivors (3072K)
 Metaspace       used 20718K, capacity 21157K, committed 21296K, reserved 274432K
  class space    used 2474K, capacity 2638K, committed 2688K, reserved 253952K
}
Event: 17.924 GC heap before
{Heap before GC invocations=6 (full 0):
 garbage-first heap   total 262144K, used 65272K [0x00000000e0000000, 0x0000000100000000)
  region size 1024K, 50 young (51200K), 3 survivors (3072K)
 Metaspace       used 25838K, capacity 26444K, committed 26544K, reserved 278528K
  class space    used 3293K, capacity 3488K, committed 3584K, reserved 253952K
}
Event: 17.931 GC heap after
{Heap after GC invocations=7 (full 0):
 garbage-first heap   total 262144K, used 19122K [0x00000000e0000000, 0x0000000100000000)
  region size 1024K, 5 young (5120K), 5 survivors (5120K)
 Metaspace       used 25838K, capacity 26444K, committed 26544K, reserved 278528K
  class space    used 3293K, capacity 3488K, committed 3584K, reserved 253952K
}
Event: 21.979 GC heap before
{Heap before GC invocations=7 (full 0):
 garbage-first heap   total 262144K, used 80562K [0x00000000e0000000, 0x0000000100000000)
  region size 1024K, 67 young (68608K), 5 survivors (5120K)
 Metaspace       used 34961K, capacity 35723K, committed 35888K, reserved 286720K
  class space    used 4440K, capacity 4734K, committed 4736K, reserved 253952K
}
Event: 22.001 GC heap after
{Heap after GC invocations=8 (full 0):
 garbage-first heap   total 262144K, used 22785K [0x00000000e0000000, 0x0000000100000000)
  region size 1024K, 8 young (8192K), 8 survivors (8192K)
 Metaspace       used 34961K, capacity 35723K, committed 35888K, reserved 286720K
  class space    used 4440K, capacity 4734K, committed 4736K, reserved 253952K
}
Event: 28.077 GC heap before
{Heap before GC invocations=9 (full 0):
 garbage-first heap   total 262144K, used 145665K [0x00000000e0000000, 0x0000000100000000)
  region size 1024K, 126 young (129024K), 8 survivors (8192K)
 Metaspace       used 42209K, capacity 43170K, committed 43312K, reserved 292864K
  class space    used 5374K, capacity 5721K, committed 5760K, reserved 253952K
}
Event: 28.193 GC heap after
{Heap after GC invocations=10 (full 0):
 garbage-first heap   total 262144K, used 30756K [0x00000000e0000000, 0x0000000100000000)
  region size 1024K, 16 young (16384K), 16 survivors (16384K)
 Metaspace       used 42209K, capacity 43170K, committed 43312K, reserved 292864K
  class space    used 5374K, capacity 5721K, committed 5760K, reserved 253952K
}

